Tue May 14 11:27:46 CST 2024  [debug] AvalonLogSystem initialized using logfile 'velocity.log'
Tue May 14 11:27:46 CST 2024   [info] ************************************************************** 
Tue May 14 11:27:46 CST 2024   [info] Starting Jakarta Velocity v1.4
Tue May 14 11:27:46 CST 2024   [info] RuntimeInstance initializing.
Tue May 14 11:27:46 CST 2024   [info] Default Properties File: org\apache\velocity\runtime\defaults\velocity.properties
Tue May 14 11:27:46 CST 2024   [info] Trying to use logger class org.apache.velocity.runtime.log.AvalonLogSystem
Tue May 14 11:27:46 CST 2024   [info] Using logger class org.apache.velocity.runtime.log.AvalonLogSystem
Tue May 14 11:27:46 CST 2024   [info] Default ResourceManager initializing. (class org.apache.velocity.runtime.resource.ResourceManagerImpl)
Tue May 14 11:27:46 CST 2024   [info] Resource Loader Instantiated: org.apache.velocity.runtime.resource.loader.FileResourceLoader
Tue May 14 11:27:46 CST 2024   [info] FileResourceLoader : initialization starting.
Tue May 14 11:27:46 CST 2024   [info] FileResourceLoader : adding path 'e:/quartus ii 13/ip/altera/fft/lib/\template'
Tue May 14 11:27:46 CST 2024   [info] FileResourceLoader : adding path '.'
Tue May 14 11:27:46 CST 2024   [info] FileResourceLoader : initialization complete.
Tue May 14 11:27:46 CST 2024   [info] Resource Loader Instantiated: org.apache.velocity.runtime.resource.loader.JarResourceLoader
Tue May 14 11:27:46 CST 2024   [info] JarResourceLoader : initialization starting.
Tue May 14 11:27:46 CST 2024   [info] JarResourceLoader # of paths : 0
Tue May 14 11:27:46 CST 2024   [info] JarResourceLoader : initialization complete.
Tue May 14 11:27:46 CST 2024   [info] Resource Loader Instantiated: org.apache.velocity.runtime.resource.loader.ClasspathResourceLoader
Tue May 14 11:27:46 CST 2024   [info] ClasspathResourceLoader : initialization starting.
Tue May 14 11:27:46 CST 2024   [info] ClasspathResourceLoader : initialization complete.
Tue May 14 11:27:46 CST 2024   [info] ResourceCache : initialized. (class org.apache.velocity.runtime.resource.ResourceCacheImpl)
Tue May 14 11:27:46 CST 2024   [info] Default ResourceManager initialization complete.
Tue May 14 11:27:46 CST 2024   [info] Loaded System Directive: org.apache.velocity.runtime.directive.Literal
Tue May 14 11:27:46 CST 2024   [info] Loaded System Directive: org.apache.velocity.runtime.directive.Macro
Tue May 14 11:27:46 CST 2024   [info] Loaded System Directive: org.apache.velocity.runtime.directive.Parse
Tue May 14 11:27:46 CST 2024   [info] Loaded System Directive: org.apache.velocity.runtime.directive.Include
Tue May 14 11:27:46 CST 2024   [info] Loaded System Directive: org.apache.velocity.runtime.directive.Foreach
Tue May 14 11:27:46 CST 2024   [info] Created: 20 parsers.
Tue May 14 11:27:46 CST 2024   [info] Velocimacro : initialization starting.
Tue May 14 11:27:46 CST 2024   [info] Velocimacro : adding VMs from VM library template : VM_global_library.vm
Tue May 14 11:27:46 CST 2024   [info] Velocimacro : added new VM : #listall( list ) : source = VM_global_library.vm
Tue May 14 11:27:46 CST 2024   [info] Velocimacro : added new VM : #listlist( list ) : source = VM_global_library.vm
Tue May 14 11:27:46 CST 2024   [info] ResourceManager : found VM_global_library.vm with loader org.apache.velocity.runtime.resource.loader.ClasspathResourceLoader
Tue May 14 11:27:46 CST 2024   [info] Velocimacro :  VM library template macro registration complete.
Tue May 14 11:27:46 CST 2024   [info] Velocimacro : allowInline = true : VMs can be defined inline in templates
Tue May 14 11:27:46 CST 2024   [info] Velocimacro : allowInlineToOverride = false : VMs defined inline may NOT replace previous VM definitions
Tue May 14 11:27:46 CST 2024   [info] Velocimacro : allowInlineLocal = false : VMs defined inline will be  global in scope if allowed.
Tue May 14 11:27:46 CST 2024   [info] Velocimacro : messages on  : VM system will output logging messages
Tue May 14 11:27:46 CST 2024   [info] Velocimacro : autoload off  : VM system will not automatically reload global library macros
Tue May 14 11:27:46 CST 2024   [info] Velocimacro : initialization complete.
Tue May 14 11:27:46 CST 2024   [info] Velocity successfully started.
Tue May 14 11:27:52 CST 2024   [info] ResourceManager : found fft_top_vhdl_tb.vm with loader org.apache.velocity.runtime.resource.loader.ClasspathResourceLoader
Tue May 14 11:27:52 CST 2024   [info] ResourceManager : found alt_license.txt with loader org.apache.velocity.runtime.resource.loader.ClasspathResourceLoader
Tue May 14 11:27:52 CST 2024   [info] ResourceManager : found fft_top_verilog_tb.vm with loader org.apache.velocity.runtime.resource.loader.ClasspathResourceLoader
Tue May 14 11:27:52 CST 2024   [info] ResourceManager : found alt_license_verilog.txt with loader org.apache.velocity.runtime.resource.loader.ClasspathResourceLoader
Tue May 14 11:27:52 CST 2024   [info] ResourceManager : found matlab_tb.vm with loader org.apache.velocity.runtime.resource.loader.ClasspathResourceLoader
Tue May 14 11:27:52 CST 2024   [info] ResourceManager : found matlab_model.vm with loader org.apache.velocity.runtime.resource.loader.ClasspathResourceLoader
Tue May 14 11:27:52 CST 2024   [info] ResourceManager : found set_nativelink_tcl.vm with loader org.apache.velocity.runtime.resource.loader.ClasspathResourceLoader
Tue May 14 11:27:52 CST 2024   [info] ResourceManager : found alt_license_tcl.txt with loader org.apache.velocity.runtime.resource.loader.ClasspathResourceLoader
