Flow report for FPGA_oscilloscope
Wed May 15 13:58:25 2024
Quartus II 64-Bit Version 13.0.0 Build 156 04/24/2013 SJ Full Version


---------------------
; Table of Contents ;
---------------------
  1. Legal Notice
  2. Flow Summary
  3. Flow Settings
  4. Flow Non-Default Global Settings
  5. Flow Elapsed Time
  6. Flow OS Summary
  7. Flow Log
  8. Flow Messages
  9. Flow Suppressed Messages



----------------
; Legal Notice ;
----------------
Copyright (C) 1991-2013 Altera Corporation
Your use of Altera Corporation's design tools, logic functions 
and other software and tools, and its AMPP partner logic 
functions, and any output files from any of the foregoing 
(including device programming or simulation files), and any 
associated documentation or information are expressly subject 
to the terms and conditions of the Altera Program License 
Subscription Agreement, Altera MegaCore Function License 
Agreement, or other applicable license agreement, including, 
without limitation, that your use is for the sole purpose of 
programming logic devices manufactured by Altera and sold by 
Altera or its authorized distributors.  Please refer to the 
applicable agreement for further details.



+----------------------------------------------------------------------------------+
; Flow Summary                                                                     ;
+------------------------------------+---------------------------------------------+
; Flow Status                        ; Successful - Wed May 15 13:58:25 2024       ;
; Quartus II 64-Bit Version          ; 13.0.0 Build 156 04/24/2013 SJ Full Version ;
; Revision Name                      ; FPGA_oscilloscope                           ;
; Top-level Entity Name              ; FPGA_oscilloscope                           ;
; Family                             ; Cyclone IV E                                ;
; Device                             ; EP4CE10F17C8                                ;
; Timing Models                      ; Final                                       ;
; Total logic elements               ; 1,355 / 10,320 ( 13 % )                     ;
;     Total combinational functions  ; 838 / 10,320 ( 8 % )                        ;
;     Dedicated logic registers      ; 1,141 / 10,320 ( 11 % )                     ;
; Total registers                    ; 1141                                        ;
; Total pins                         ; 13 / 180 ( 7 % )                            ;
; Total virtual pins                 ; 0                                           ;
; Total memory bits                  ; 14,848 / 423,936 ( 4 % )                    ;
; Embedded Multiplier 9-bit elements ; 0 / 46 ( 0 % )                              ;
; Total PLLs                         ; 0 / 2 ( 0 % )                               ;
+------------------------------------+---------------------------------------------+


+-----------------------------------------+
; Flow Settings                           ;
+-------------------+---------------------+
; Option            ; Setting             ;
+-------------------+---------------------+
; Start date & time ; 05/15/2024 13:58:02 ;
; Main task         ; Compilation         ;
; Revision Name     ; FPGA_oscilloscope   ;
+-------------------+---------------------+


+--------------------------------------------------------------------------------------------------------------------------------------------------------------------------------------+
; Flow Non-Default Global Settings                                                                                                                                                     ;
+--------------------------------------+------------------------------------------------------------------------------------------+---------------+-------------+----------------------+
; Assignment Name                      ; Value                                                                                    ; Default Value ; Entity Name ; Section Id           ;
+--------------------------------------+------------------------------------------------------------------------------------------+---------------+-------------+----------------------+
; COMPILER_SIGNATURE_ID                ; 92384127978119.171575268220404                                                           ; --            ; --          ; --                   ;
; EDA_DESIGN_INSTANCE_NAME             ; NA                                                                                       ; --            ; --          ; FPGA_oscilloscope_tb ;
; EDA_NATIVELINK_SIMULATION_TEST_BENCH ; FPGA_oscilloscope_tb                                                                     ; --            ; --          ; eda_simulation       ;
; EDA_OUTPUT_DATA_FORMAT               ; Verilog Hdl                                                                              ; --            ; --          ; eda_simulation       ;
; EDA_SIMULATION_TOOL                  ; ModelSim-Altera (Verilog)                                                                ; <None>        ; --          ; --                   ;
; EDA_TEST_BENCH_ENABLE_STATUS         ; TEST_BENCH_MODE                                                                          ; --            ; --          ; eda_simulation       ;
; EDA_TEST_BENCH_FILE                  ; src/FPGA_oscilloscope_tb.v                                                               ; --            ; --          ; FPGA_oscilloscope_tb ;
; EDA_TEST_BENCH_MODULE_NAME           ; FPGA_oscilloscope_tb                                                                     ; --            ; --          ; FPGA_oscilloscope_tb ;
; EDA_TEST_BENCH_NAME                  ; FPGA_oscilloscope_tb                                                                     ; --            ; --          ; eda_simulation       ;
; EDA_TIME_SCALE                       ; 1 ps                                                                                     ; --            ; --          ; eda_simulation       ;
; ENABLE_SIGNALTAP                     ; On                                                                                       ; --            ; --          ; --                   ;
; IP_TOOL_NAME                         ; FIFO                                                                                     ; --            ; --          ; --                   ;
; IP_TOOL_VERSION                      ; 13.0                                                                                     ; --            ; --          ; --                   ;
; MAX_CORE_JUNCTION_TEMP               ; 85                                                                                       ; --            ; --          ; --                   ;
; MIN_CORE_JUNCTION_TEMP               ; 0                                                                                        ; --            ; --          ; --                   ;
; MISC_FILE                            ; IP/ADC0_FIFO_inst.v                                                                      ; --            ; --          ; --                   ;
; NOMINAL_CORE_SUPPLY_VOLTAGE          ; 1.2V                                                                                     ; --            ; --          ; --                   ;
; PARTITION_COLOR                      ; 16764057                                                                                 ; --            ; --          ; Top                  ;
; PARTITION_FITTER_PRESERVATION_LEVEL  ; PLACEMENT_AND_ROUTING                                                                    ; --            ; --          ; Top                  ;
; PARTITION_NETLIST_TYPE               ; SOURCE                                                                                   ; --            ; --          ; Top                  ;
; PROJECT_OUTPUT_DIRECTORY             ; output_files                                                                             ; --            ; --          ; --                   ;
; SLD_FILE                             ; E:/Graduation Design/mutil-channel-oscilloscope/FPGA_oscilloscope/stp1_auto_stripped.stp ; --            ; --          ; --                   ;
; SLD_NODE_CREATOR_ID                  ; 110                                                                                      ; --            ; --          ; auto_signaltap_0     ;
; SLD_NODE_ENTITY_NAME                 ; sld_signaltap                                                                            ; --            ; --          ; auto_signaltap_0     ;
; SLD_NODE_PARAMETER_ASSIGNMENT        ; SLD_NODE_INFO=805334528                                                                  ; --            ; --          ; auto_signaltap_0     ;
; SLD_NODE_PARAMETER_ASSIGNMENT        ; SLD_POWER_UP_TRIGGER=0                                                                   ; --            ; --          ; auto_signaltap_0     ;
; SLD_NODE_PARAMETER_ASSIGNMENT        ; SLD_STORAGE_QUALIFIER_INVERSION_MASK_LENGTH=0                                            ; --            ; --          ; auto_signaltap_0     ;
; SLD_NODE_PARAMETER_ASSIGNMENT        ; SLD_SEGMENT_SIZE=128                                                                     ; --            ; --          ; auto_signaltap_0     ;
; SLD_NODE_PARAMETER_ASSIGNMENT        ; SLD_ATTRIBUTE_MEM_MODE=OFF                                                               ; --            ; --          ; auto_signaltap_0     ;
; SLD_NODE_PARAMETER_ASSIGNMENT        ; SLD_STATE_FLOW_USE_GENERATED=0                                                           ; --            ; --          ; auto_signaltap_0     ;
; SLD_NODE_PARAMETER_ASSIGNMENT        ; SLD_STATE_BITS=11                                                                        ; --            ; --          ; auto_signaltap_0     ;
; SLD_NODE_PARAMETER_ASSIGNMENT        ; SLD_BUFFER_FULL_STOP=1                                                                   ; --            ; --          ; auto_signaltap_0     ;
; SLD_NODE_PARAMETER_ASSIGNMENT        ; SLD_CURRENT_RESOURCE_WIDTH=1                                                             ; --            ; --          ; auto_signaltap_0     ;
; SLD_NODE_PARAMETER_ASSIGNMENT        ; SLD_TRIGGER_LEVEL=1                                                                      ; --            ; --          ; auto_signaltap_0     ;
; SLD_NODE_PARAMETER_ASSIGNMENT        ; SLD_SAMPLE_DEPTH=128                                                                     ; --            ; --          ; auto_signaltap_0     ;
; SLD_NODE_PARAMETER_ASSIGNMENT        ; SLD_TRIGGER_IN_ENABLED=0                                                                 ; --            ; --          ; auto_signaltap_0     ;
; SLD_NODE_PARAMETER_ASSIGNMENT        ; SLD_TRIGGER_LEVEL_PIPELINE=1                                                             ; --            ; --          ; auto_signaltap_0     ;
; SLD_NODE_PARAMETER_ASSIGNMENT        ; SLD_DATA_BITS=52                                                                         ; --            ; --          ; auto_signaltap_0     ;
; SLD_NODE_PARAMETER_ASSIGNMENT        ; SLD_TRIGGER_BITS=52                                                                      ; --            ; --          ; auto_signaltap_0     ;
; SLD_NODE_PARAMETER_ASSIGNMENT        ; SLD_NODE_CRC_LOWORD=6760                                                                 ; --            ; --          ; auto_signaltap_0     ;
; SLD_NODE_PARAMETER_ASSIGNMENT        ; SLD_INVERSION_MASK=000000000000000000000                                                 ; --            ; --          ; auto_signaltap_0     ;
; SLD_NODE_PARAMETER_ASSIGNMENT        ; SLD_INVERSION_MASK_LENGTH=21                                                             ; --            ; --          ; auto_signaltap_0     ;
; SLD_NODE_PARAMETER_ASSIGNMENT        ; SLD_NODE_CRC_HIWORD=59383                                                                ; --            ; --          ; auto_signaltap_0     ;
; SLD_NODE_PARAMETER_ASSIGNMENT        ; SLD_ADVANCED_TRIGGER_ENTITY=sld_reserved_FPGA_oscilloscope_auto_signaltap_0_1_4cf4,      ; --            ; --          ; auto_signaltap_0     ;
; SLD_NODE_PARAMETER_ASSIGNMENT        ; SLD_ENABLE_ADVANCED_TRIGGER=1                                                            ; --            ; --          ; auto_signaltap_0     ;
; USE_SIGNALTAP_FILE                   ; stp1.stp                                                                                 ; --            ; --          ; --                   ;
+--------------------------------------+------------------------------------------------------------------------------------------+---------------+-------------+----------------------+


+-------------------------------------------------------------------------------------------------------------------------------+
; Flow Elapsed Time                                                                                                             ;
+---------------------------+--------------+-------------------------+---------------------+------------------------------------+
; Module Name               ; Elapsed Time ; Average Processors Used ; Peak Virtual Memory ; Total CPU Time (on all processors) ;
+---------------------------+--------------+-------------------------+---------------------+------------------------------------+
; Analysis & Synthesis      ; 00:00:08     ; 1.0                     ; 4721 MB             ; 00:00:07                           ;
; Fitter                    ; 00:00:07     ; 3.5                     ; 5924 MB             ; 00:00:04                           ;
; Assembler                 ; 00:00:01     ; 1.0                     ; 4556 MB             ; 00:00:01                           ;
; TimeQuest Timing Analyzer ; 00:00:02     ; 1.0                     ; 4717 MB             ; 00:00:01                           ;
; EDA Netlist Writer        ; 00:00:01     ; 1.0                     ; 4550 MB             ; 00:00:01                           ;
; Total                     ; 00:00:19     ; --                      ; --                  ; 00:00:14                           ;
+---------------------------+--------------+-------------------------+---------------------+------------------------------------+


+----------------------------------------------------------------------------------------+
; Flow OS Summary                                                                        ;
+---------------------------+------------------+-----------+------------+----------------+
; Module Name               ; Machine Hostname ; OS Name   ; OS Version ; Processor type ;
+---------------------------+------------------+-----------+------------+----------------+
; Analysis & Synthesis      ; ANNIHILATE       ; Windows 7 ; 6.2        ; x86_64         ;
; Fitter                    ; ANNIHILATE       ; Windows 7 ; 6.2        ; x86_64         ;
; Assembler                 ; ANNIHILATE       ; Windows 7 ; 6.2        ; x86_64         ;
; TimeQuest Timing Analyzer ; ANNIHILATE       ; Windows 7 ; 6.2        ; x86_64         ;
; EDA Netlist Writer        ; ANNIHILATE       ; Windows 7 ; 6.2        ; x86_64         ;
+---------------------------+------------------+-----------+------------+----------------+


------------
; Flow Log ;
------------
quartus_map --read_settings_files=on --write_settings_files=off FPGA_oscilloscope -c FPGA_oscilloscope
quartus_fit --read_settings_files=off --write_settings_files=off FPGA_oscilloscope -c FPGA_oscilloscope
quartus_asm --read_settings_files=off --write_settings_files=off FPGA_oscilloscope -c FPGA_oscilloscope
quartus_sta FPGA_oscilloscope -c FPGA_oscilloscope
quartus_eda --read_settings_files=off --write_settings_files=off FPGA_oscilloscope -c FPGA_oscilloscope



