Analysis & Synthesis report for FPGA_oscilloscope
Sat May 11 16:10:24 2024
Quartus II 64-Bit Version 13.0.0 Build 156 04/24/2013 SJ Full Version


---------------------
; Table of Contents ;
---------------------
  1. Legal Notice
  2. Analysis & Synthesis Summary
  3. Analysis & Synthesis Settings
  4. Parallel Compilation
  5. Analysis & Synthesis Source Files Read
  6. Analysis & Synthesis Resource Usage Summary
  7. Analysis & Synthesis Resource Utilization by Entity
  8. Analysis & Synthesis IP Cores Summary
  9. Registers Removed During Synthesis
 10. Removed Registers Triggering Further Register Optimizations
 11. General Register Statistics
 12. Source assignments for ADC0_drive:ADC0_drive|ADC0_FIFO:ADC0_FIFO|scfifo:scfifo_component|scfifo_0da1:auto_generated|a_dpfifo_f141:dpfifo|dpram_j811:FIFOram|altsyncram_o3k1:altsyncram1
 13. Parameter Settings for User Entity Instance: ADC0_drive:ADC0_drive|ADC0_FIFO:ADC0_FIFO|scfifo:scfifo_component
 14. scfifo Parameter Settings by Entity Instance
 15. Port Connectivity Checks: "ADC0_drive:ADC0_drive|ADC0_FIFO:ADC0_FIFO"
 16. Port Connectivity Checks: "ADC0_drive:ADC0_drive"
 17. Elapsed Time Per Partition
 18. Analysis & Synthesis Messages



----------------
; Legal Notice ;
----------------
Copyright (C) 1991-2013 Altera Corporation
Your use of Altera Corporation's design tools, logic functions 
and other software and tools, and its AMPP partner logic 
functions, and any output files from any of the foregoing 
(including device programming or simulation files), and any 
associated documentation or information are expressly subject 
to the terms and conditions of the Altera Program License 
Subscription Agreement, Altera MegaCore Function License 
Agreement, or other applicable license agreement, including, 
without limitation, that your use is for the sole purpose of 
programming logic devices manufactured by Altera and sold by 
Altera or its authorized distributors.  Please refer to the 
applicable agreement for further details.



+----------------------------------------------------------------------------------+
; Analysis & Synthesis Summary                                                     ;
+------------------------------------+---------------------------------------------+
; Analysis & Synthesis Status        ; Successful - Sat May 11 16:10:24 2024       ;
; Quartus II 64-Bit Version          ; 13.0.0 Build 156 04/24/2013 SJ Full Version ;
; Revision Name                      ; FPGA_oscilloscope                           ;
; Top-level Entity Name              ; FPGA_oscilloscope                           ;
; Family                             ; Cyclone IV E                                ;
; Total logic elements               ; 0                                           ;
;     Total combinational functions  ; 0                                           ;
;     Dedicated logic registers      ; 0                                           ;
; Total registers                    ; 0                                           ;
; Total pins                         ; 11                                          ;
; Total virtual pins                 ; 0                                           ;
; Total memory bits                  ; 0                                           ;
; Embedded Multiplier 9-bit elements ; 0                                           ;
; Total PLLs                         ; 0                                           ;
+------------------------------------+---------------------------------------------+


+----------------------------------------------------------------------------------------------------------------------+
; Analysis & Synthesis Settings                                                                                        ;
+----------------------------------------------------------------------------+--------------------+--------------------+
; Option                                                                     ; Setting            ; Default Value      ;
+----------------------------------------------------------------------------+--------------------+--------------------+
; Device                                                                     ; EP4CE10F17C8       ;                    ;
; Top-level entity name                                                      ; FPGA_oscilloscope  ; FPGA_oscilloscope  ;
; Family name                                                                ; Cyclone IV E       ; Cyclone IV GX      ;
; Use smart compilation                                                      ; Off                ; Off                ;
; Enable parallel Assembler and TimeQuest Timing Analyzer during compilation ; On                 ; On                 ;
; Enable compact report table                                                ; Off                ; Off                ;
; Restructure Multiplexers                                                   ; Auto               ; Auto               ;
; Create Debugging Nodes for IP Cores                                        ; Off                ; Off                ;
; Preserve fewer node names                                                  ; On                 ; On                 ;
; Disable OpenCore Plus hardware evaluation                                  ; Off                ; Off                ;
; Verilog Version                                                            ; Verilog_2001       ; Verilog_2001       ;
; VHDL Version                                                               ; VHDL_1993          ; VHDL_1993          ;
; State Machine Processing                                                   ; Auto               ; Auto               ;
; Safe State Machine                                                         ; Off                ; Off                ;
; Extract Verilog State Machines                                             ; On                 ; On                 ;
; Extract VHDL State Machines                                                ; On                 ; On                 ;
; Ignore Verilog initial constructs                                          ; Off                ; Off                ;
; Iteration limit for constant Verilog loops                                 ; 5000               ; 5000               ;
; Iteration limit for non-constant Verilog loops                             ; 250                ; 250                ;
; Add Pass-Through Logic to Inferred RAMs                                    ; On                 ; On                 ;
; Infer RAMs from Raw Logic                                                  ; On                 ; On                 ;
; Parallel Synthesis                                                         ; On                 ; On                 ;
; DSP Block Balancing                                                        ; Auto               ; Auto               ;
; NOT Gate Push-Back                                                         ; On                 ; On                 ;
; Power-Up Don't Care                                                        ; On                 ; On                 ;
; Remove Redundant Logic Cells                                               ; Off                ; Off                ;
; Remove Duplicate Registers                                                 ; On                 ; On                 ;
; Ignore CARRY Buffers                                                       ; Off                ; Off                ;
; Ignore CASCADE Buffers                                                     ; Off                ; Off                ;
; Ignore GLOBAL Buffers                                                      ; Off                ; Off                ;
; Ignore ROW GLOBAL Buffers                                                  ; Off                ; Off                ;
; Ignore LCELL Buffers                                                       ; Off                ; Off                ;
; Ignore SOFT Buffers                                                        ; On                 ; On                 ;
; Limit AHDL Integers to 32 Bits                                             ; Off                ; Off                ;
; Optimization Technique                                                     ; Balanced           ; Balanced           ;
; Carry Chain Length                                                         ; 70                 ; 70                 ;
; Auto Carry Chains                                                          ; On                 ; On                 ;
; Auto Open-Drain Pins                                                       ; On                 ; On                 ;
; Perform WYSIWYG Primitive Resynthesis                                      ; Off                ; Off                ;
; Auto ROM Replacement                                                       ; On                 ; On                 ;
; Auto RAM Replacement                                                       ; On                 ; On                 ;
; Auto DSP Block Replacement                                                 ; On                 ; On                 ;
; Auto Shift Register Replacement                                            ; Auto               ; Auto               ;
; Allow Shift Register Merging across Hierarchies                            ; Auto               ; Auto               ;
; Auto Clock Enable Replacement                                              ; On                 ; On                 ;
; Strict RAM Replacement                                                     ; Off                ; Off                ;
; Allow Synchronous Control Signals                                          ; On                 ; On                 ;
; Force Use of Synchronous Clear Signals                                     ; Off                ; Off                ;
; Auto RAM Block Balancing                                                   ; On                 ; On                 ;
; Auto RAM to Logic Cell Conversion                                          ; Off                ; Off                ;
; Auto Resource Sharing                                                      ; Off                ; Off                ;
; Allow Any RAM Size For Recognition                                         ; Off                ; Off                ;
; Allow Any ROM Size For Recognition                                         ; Off                ; Off                ;
; Allow Any Shift Register Size For Recognition                              ; Off                ; Off                ;
; Use LogicLock Constraints during Resource Balancing                        ; On                 ; On                 ;
; Ignore translate_off and synthesis_off directives                          ; Off                ; Off                ;
; Timing-Driven Synthesis                                                    ; On                 ; On                 ;
; Report Parameter Settings                                                  ; On                 ; On                 ;
; Report Source Assignments                                                  ; On                 ; On                 ;
; Report Connectivity Checks                                                 ; On                 ; On                 ;
; Ignore Maximum Fan-Out Assignments                                         ; Off                ; Off                ;
; Synchronization Register Chain Length                                      ; 2                  ; 2                  ;
; PowerPlay Power Optimization                                               ; Normal compilation ; Normal compilation ;
; HDL message level                                                          ; Level2             ; Level2             ;
; Suppress Register Optimization Related Messages                            ; Off                ; Off                ;
; Number of Removed Registers Reported in Synthesis Report                   ; 5000               ; 5000               ;
; Number of Swept Nodes Reported in Synthesis Report                         ; 5000               ; 5000               ;
; Number of Inverted Registers Reported in Synthesis Report                  ; 100                ; 100                ;
; Clock MUX Protection                                                       ; On                 ; On                 ;
; Auto Gated Clock Conversion                                                ; Off                ; Off                ;
; Block Design Naming                                                        ; Auto               ; Auto               ;
; SDC constraint protection                                                  ; Off                ; Off                ;
; Synthesis Effort                                                           ; Auto               ; Auto               ;
; Shift Register Replacement - Allow Asynchronous Clear Signal               ; On                 ; On                 ;
; Pre-Mapping Resynthesis Optimization                                       ; Off                ; Off                ;
; Analysis & Synthesis Message Level                                         ; Medium             ; Medium             ;
; Disable Register Merging Across Hierarchies                                ; Auto               ; Auto               ;
; Resource Aware Inference For Block RAM                                     ; On                 ; On                 ;
; Synthesis Seed                                                             ; 1                  ; 1                  ;
+----------------------------------------------------------------------------+--------------------+--------------------+


+------------------------------------------+
; Parallel Compilation                     ;
+----------------------------+-------------+
; Processors                 ; Number      ;
+----------------------------+-------------+
; Number detected on machine ; 16          ;
; Maximum allowed            ; 16          ;
;                            ;             ;
; Average used               ; 1.00        ;
; Maximum used               ; 1           ;
;                            ;             ;
; Usage by Processor         ; % Time Used ;
;     Processor 1            ; 100.0%      ;
;     Processors 2-16        ;   0.0%      ;
+----------------------------+-------------+


+-----------------------------------------------------------------------------------------------------------------------------------------------------------------------------------------+
; Analysis & Synthesis Source Files Read                                                                                                                                                  ;
+----------------------------------+-----------------+------------------------------+-------------------------------------------------------------------------------------------+---------+
; File Name with User-Entered Path ; Used in Netlist ; File Type                    ; File Name with Absolute Path                                                              ; Library ;
+----------------------------------+-----------------+------------------------------+-------------------------------------------------------------------------------------------+---------+
; src/FPGA_oscilloscope.v          ; yes             ; User Verilog HDL File        ; E:/Graduation Design/mutil-channel-oscilloscope/FPGA_oscilloscope/src/FPGA_oscilloscope.v ;         ;
; IP/ADC0_FIFO.v                   ; yes             ; User Wizard-Generated File   ; E:/Graduation Design/mutil-channel-oscilloscope/FPGA_oscilloscope/IP/ADC0_FIFO.v          ;         ;
; src/ADC0_drive.v                 ; yes             ; User Verilog HDL File        ; E:/Graduation Design/mutil-channel-oscilloscope/FPGA_oscilloscope/src/ADC0_drive.v        ;         ;
; scfifo.tdf                       ; yes             ; Megafunction                 ; e:/quartus ii 13/quartus/libraries/megafunctions/scfifo.tdf                               ;         ;
; a_regfifo.inc                    ; yes             ; Megafunction                 ; e:/quartus ii 13/quartus/libraries/megafunctions/a_regfifo.inc                            ;         ;
; a_dpfifo.inc                     ; yes             ; Megafunction                 ; e:/quartus ii 13/quartus/libraries/megafunctions/a_dpfifo.inc                             ;         ;
; a_i2fifo.inc                     ; yes             ; Megafunction                 ; e:/quartus ii 13/quartus/libraries/megafunctions/a_i2fifo.inc                             ;         ;
; a_fffifo.inc                     ; yes             ; Megafunction                 ; e:/quartus ii 13/quartus/libraries/megafunctions/a_fffifo.inc                             ;         ;
; a_f2fifo.inc                     ; yes             ; Megafunction                 ; e:/quartus ii 13/quartus/libraries/megafunctions/a_f2fifo.inc                             ;         ;
; aglobal130.inc                   ; yes             ; Megafunction                 ; e:/quartus ii 13/quartus/libraries/megafunctions/aglobal130.inc                           ;         ;
; db/scfifo_0da1.tdf               ; yes             ; Auto-Generated Megafunction  ; E:/Graduation Design/mutil-channel-oscilloscope/FPGA_oscilloscope/db/scfifo_0da1.tdf      ;         ;
; db/a_dpfifo_f141.tdf             ; yes             ; Auto-Generated Megafunction  ; E:/Graduation Design/mutil-channel-oscilloscope/FPGA_oscilloscope/db/a_dpfifo_f141.tdf    ;         ;
; db/a_fefifo_rcf.tdf              ; yes             ; Auto-Generated Megafunction  ; E:/Graduation Design/mutil-channel-oscilloscope/FPGA_oscilloscope/db/a_fefifo_rcf.tdf     ;         ;
; db/cntr_up7.tdf                  ; yes             ; Auto-Generated Megafunction  ; E:/Graduation Design/mutil-channel-oscilloscope/FPGA_oscilloscope/db/cntr_up7.tdf         ;         ;
; db/dpram_j811.tdf                ; yes             ; Auto-Generated Megafunction  ; E:/Graduation Design/mutil-channel-oscilloscope/FPGA_oscilloscope/db/dpram_j811.tdf       ;         ;
; db/altsyncram_o3k1.tdf           ; yes             ; Auto-Generated Megafunction  ; E:/Graduation Design/mutil-channel-oscilloscope/FPGA_oscilloscope/db/altsyncram_o3k1.tdf  ;         ;
; db/decode_i87.tdf                ; yes             ; Auto-Generated Megafunction  ; E:/Graduation Design/mutil-channel-oscilloscope/FPGA_oscilloscope/db/decode_i87.tdf       ;         ;
; db/mux_238.tdf                   ; yes             ; Auto-Generated Megafunction  ; E:/Graduation Design/mutil-channel-oscilloscope/FPGA_oscilloscope/db/mux_238.tdf          ;         ;
; db/cntr_ipb.tdf                  ; yes             ; Auto-Generated Megafunction  ; E:/Graduation Design/mutil-channel-oscilloscope/FPGA_oscilloscope/db/cntr_ipb.tdf         ;         ;
+----------------------------------+-----------------+------------------------------+-------------------------------------------------------------------------------------------+---------+


+--------------------------------------------------------------+
; Analysis & Synthesis Resource Usage Summary                  ;
+---------------------------------------------+----------------+
; Resource                                    ; Usage          ;
+---------------------------------------------+----------------+
;                                             ;                ;
; Total combinational functions               ; 0              ;
; Logic element usage by number of LUT inputs ;                ;
;     -- 4 input functions                    ; 0              ;
;     -- 3 input functions                    ; 0              ;
;     -- <=2 input functions                  ; 0              ;
;                                             ;                ;
; Logic elements by mode                      ;                ;
;     -- normal mode                          ; 0              ;
;     -- arithmetic mode                      ; 0              ;
;                                             ;                ;
; Total registers                             ; 0              ;
;     -- Dedicated logic registers            ; 0              ;
;     -- I/O registers                        ; 0              ;
;                                             ;                ;
; I/O pins                                    ; 11             ;
; Embedded Multiplier 9-bit elements          ; 0              ;
; Maximum fan-out node                        ; ADC0_bg~output ;
; Maximum fan-out                             ; 1              ;
; Total fan-out                               ; 11             ;
; Average fan-out                             ; 0.50           ;
+---------------------------------------------+----------------+


+-----------------------------------------------------------------------------------------------------------------------------------------------------------------------------+
; Analysis & Synthesis Resource Utilization by Entity                                                                                                                         ;
+----------------------------+-------------------+--------------+-------------+--------------+---------+-----------+------+--------------+---------------------+--------------+
; Compilation Hierarchy Node ; LC Combinationals ; LC Registers ; Memory Bits ; DSP Elements ; DSP 9x9 ; DSP 18x18 ; Pins ; Virtual Pins ; Full Hierarchy Name ; Library Name ;
+----------------------------+-------------------+--------------+-------------+--------------+---------+-----------+------+--------------+---------------------+--------------+
; |FPGA_oscilloscope         ; 0 (0)             ; 0 (0)        ; 0           ; 0            ; 0       ; 0         ; 11   ; 0            ; |FPGA_oscilloscope  ;              ;
+----------------------------+-------------------+--------------+-------------+--------------+---------+-----------+------+--------------+---------------------+--------------+
Note: For table entries with two numbers listed, the numbers in parentheses indicate the number of resources of the given type used by the specific entity alone. The numbers listed outside of parentheses indicate the total resources of the given type used by the specific entity and all of its sub-entities in the hierarchy.


+-----------------------------------------------------------------------------------------------------------------------------------------------------------------------------------------------------------------+
; Analysis & Synthesis IP Cores Summary                                                                                                                                                                           ;
+--------+--------------+---------+--------------+--------------+--------------------------------------------------------------+----------------------------------------------------------------------------------+
; Vendor ; IP Core Name ; Version ; Release Date ; License Type ; Entity Instance                                              ; IP Include File                                                                  ;
+--------+--------------+---------+--------------+--------------+--------------------------------------------------------------+----------------------------------------------------------------------------------+
; Altera ; FIFO         ; 13.0    ; N/A          ; N/A          ; |FPGA_oscilloscope|ADC0_drive:ADC0_drive|ADC0_FIFO:ADC0_FIFO ; E:/Graduation Design/mutil-channel-oscilloscope/FPGA_oscilloscope/IP/ADC0_FIFO.v ;
+--------+--------------+---------+--------------+--------------+--------------------------------------------------------------+----------------------------------------------------------------------------------+


+------------------------------------------------------------------------------------------------------------------------------------------------------------------------------------------------------------------------------+
; Registers Removed During Synthesis                                                                                                                                                                                           ;
+---------------------------------------------------------------------------------------------------------------------------------------------------------------------------------------+--------------------------------------+
; Register name                                                                                                                                                                         ; Reason for Removal                   ;
+---------------------------------------------------------------------------------------------------------------------------------------------------------------------------------------+--------------------------------------+
; ADC0_drive:ADC0_drive|add[0]                                                                                                                                                          ; Stuck at GND due to stuck port clock ;
; ADC0_drive:ADC0_drive|bg                                                                                                                                                              ; Stuck at GND due to stuck port clock ;
; ADC0_drive:ADC0_drive|AD_Data[0]                                                                                                                                                      ; Stuck at GND due to stuck port clock ;
; ADC0_drive:ADC0_drive|wrreq                                                                                                                                                           ; Stuck at GND due to stuck port clock ;
; ADC0_drive:ADC0_drive|AD_Data[1..7]                                                                                                                                                   ; Stuck at GND due to stuck port clock ;
; ADC0_drive:ADC0_drive|add[1..9]                                                                                                                                                       ; Stuck at GND due to stuck port clock ;
; ADC0_drive:ADC0_drive|ADC0_FIFO:ADC0_FIFO|scfifo:scfifo_component|scfifo_0da1:auto_generated|dffe_af                                                                                  ; Stuck at GND due to stuck port clock ;
; ADC0_drive:ADC0_drive|ADC0_FIFO:ADC0_FIFO|scfifo:scfifo_component|scfifo_0da1:auto_generated|a_dpfifo_f141:dpfifo|cntr_ipb:wr_ptr|counter_reg_bit[0..15]                              ; Stuck at GND due to stuck port clock ;
; ADC0_drive:ADC0_drive|ADC0_FIFO:ADC0_FIFO|scfifo:scfifo_component|scfifo_0da1:auto_generated|a_dpfifo_f141:dpfifo|cntr_ipb:rd_ptr_count|counter_reg_bit[0..15]                        ; Stuck at GND due to stuck port clock ;
; ADC0_drive:ADC0_drive|ADC0_FIFO:ADC0_FIFO|scfifo:scfifo_component|scfifo_0da1:auto_generated|a_dpfifo_f141:dpfifo|a_fefifo_rcf:fifo_state|b_full                                      ; Stuck at GND due to stuck port clock ;
; ADC0_drive:ADC0_drive|ADC0_FIFO:ADC0_FIFO|scfifo:scfifo_component|scfifo_0da1:auto_generated|a_dpfifo_f141:dpfifo|a_fefifo_rcf:fifo_state|b_non_empty                                 ; Stuck at GND due to stuck port clock ;
; ADC0_drive:ADC0_drive|ADC0_FIFO:ADC0_FIFO|scfifo:scfifo_component|scfifo_0da1:auto_generated|a_dpfifo_f141:dpfifo|a_fefifo_rcf:fifo_state|cntr_up7:count_usedw|counter_reg_bit[0..15] ; Stuck at GND due to stuck port clock ;
; Total Number of Removed Registers = 71                                                                                                                                                ;                                      ;
+---------------------------------------------------------------------------------------------------------------------------------------------------------------------------------------+--------------------------------------+


+------------------------------------------------------------------------------------------------------------------------------------------------------------------------------------------------------------------------------------------------------------------------------------------------------------------------------------------------------------------+
; Removed Registers Triggering Further Register Optimizations                                                                                                                                                                                                                                                                                                      ;
+--------------------------------------------------------------------------------------------------------------------------------------------------+-------------------------+-------------------------------------------------------------------------------------------------------------------------------------------------------------------------------------+
; Register name                                                                                                                                    ; Reason for Removal      ; Registers Removed due to This Register                                                                                                                                              ;
+--------------------------------------------------------------------------------------------------------------------------------------------------+-------------------------+-------------------------------------------------------------------------------------------------------------------------------------------------------------------------------------+
; ADC0_drive:ADC0_drive|wrreq                                                                                                                      ; Stuck at GND            ; ADC0_drive:ADC0_drive|ADC0_FIFO:ADC0_FIFO|scfifo:scfifo_component|scfifo_0da1:auto_generated|a_dpfifo_f141:dpfifo|cntr_ipb:wr_ptr|counter_reg_bit[15],                              ;
;                                                                                                                                                  ; due to stuck port clock ; ADC0_drive:ADC0_drive|ADC0_FIFO:ADC0_FIFO|scfifo:scfifo_component|scfifo_0da1:auto_generated|a_dpfifo_f141:dpfifo|cntr_ipb:wr_ptr|counter_reg_bit[14],                              ;
;                                                                                                                                                  ;                         ; ADC0_drive:ADC0_drive|ADC0_FIFO:ADC0_FIFO|scfifo:scfifo_component|scfifo_0da1:auto_generated|a_dpfifo_f141:dpfifo|cntr_ipb:wr_ptr|counter_reg_bit[13],                              ;
;                                                                                                                                                  ;                         ; ADC0_drive:ADC0_drive|ADC0_FIFO:ADC0_FIFO|scfifo:scfifo_component|scfifo_0da1:auto_generated|a_dpfifo_f141:dpfifo|cntr_ipb:wr_ptr|counter_reg_bit[12],                              ;
;                                                                                                                                                  ;                         ; ADC0_drive:ADC0_drive|ADC0_FIFO:ADC0_FIFO|scfifo:scfifo_component|scfifo_0da1:auto_generated|a_dpfifo_f141:dpfifo|cntr_ipb:wr_ptr|counter_reg_bit[11],                              ;
;                                                                                                                                                  ;                         ; ADC0_drive:ADC0_drive|ADC0_FIFO:ADC0_FIFO|scfifo:scfifo_component|scfifo_0da1:auto_generated|a_dpfifo_f141:dpfifo|cntr_ipb:wr_ptr|counter_reg_bit[10],                              ;
;                                                                                                                                                  ;                         ; ADC0_drive:ADC0_drive|ADC0_FIFO:ADC0_FIFO|scfifo:scfifo_component|scfifo_0da1:auto_generated|a_dpfifo_f141:dpfifo|cntr_ipb:wr_ptr|counter_reg_bit[9],                               ;
;                                                                                                                                                  ;                         ; ADC0_drive:ADC0_drive|ADC0_FIFO:ADC0_FIFO|scfifo:scfifo_component|scfifo_0da1:auto_generated|a_dpfifo_f141:dpfifo|cntr_ipb:wr_ptr|counter_reg_bit[8],                               ;
;                                                                                                                                                  ;                         ; ADC0_drive:ADC0_drive|ADC0_FIFO:ADC0_FIFO|scfifo:scfifo_component|scfifo_0da1:auto_generated|a_dpfifo_f141:dpfifo|cntr_ipb:wr_ptr|counter_reg_bit[7],                               ;
;                                                                                                                                                  ;                         ; ADC0_drive:ADC0_drive|ADC0_FIFO:ADC0_FIFO|scfifo:scfifo_component|scfifo_0da1:auto_generated|a_dpfifo_f141:dpfifo|cntr_ipb:wr_ptr|counter_reg_bit[6],                               ;
;                                                                                                                                                  ;                         ; ADC0_drive:ADC0_drive|ADC0_FIFO:ADC0_FIFO|scfifo:scfifo_component|scfifo_0da1:auto_generated|a_dpfifo_f141:dpfifo|cntr_ipb:wr_ptr|counter_reg_bit[5],                               ;
;                                                                                                                                                  ;                         ; ADC0_drive:ADC0_drive|ADC0_FIFO:ADC0_FIFO|scfifo:scfifo_component|scfifo_0da1:auto_generated|a_dpfifo_f141:dpfifo|cntr_ipb:wr_ptr|counter_reg_bit[4],                               ;
;                                                                                                                                                  ;                         ; ADC0_drive:ADC0_drive|ADC0_FIFO:ADC0_FIFO|scfifo:scfifo_component|scfifo_0da1:auto_generated|a_dpfifo_f141:dpfifo|cntr_ipb:wr_ptr|counter_reg_bit[3],                               ;
;                                                                                                                                                  ;                         ; ADC0_drive:ADC0_drive|ADC0_FIFO:ADC0_FIFO|scfifo:scfifo_component|scfifo_0da1:auto_generated|a_dpfifo_f141:dpfifo|cntr_ipb:wr_ptr|counter_reg_bit[2],                               ;
;                                                                                                                                                  ;                         ; ADC0_drive:ADC0_drive|ADC0_FIFO:ADC0_FIFO|scfifo:scfifo_component|scfifo_0da1:auto_generated|a_dpfifo_f141:dpfifo|cntr_ipb:wr_ptr|counter_reg_bit[1],                               ;
;                                                                                                                                                  ;                         ; ADC0_drive:ADC0_drive|ADC0_FIFO:ADC0_FIFO|scfifo:scfifo_component|scfifo_0da1:auto_generated|a_dpfifo_f141:dpfifo|cntr_ipb:wr_ptr|counter_reg_bit[0],                               ;
;                                                                                                                                                  ;                         ; ADC0_drive:ADC0_drive|ADC0_FIFO:ADC0_FIFO|scfifo:scfifo_component|scfifo_0da1:auto_generated|a_dpfifo_f141:dpfifo|a_fefifo_rcf:fifo_state|cntr_up7:count_usedw|counter_reg_bit[12], ;
;                                                                                                                                                  ;                         ; ADC0_drive:ADC0_drive|ADC0_FIFO:ADC0_FIFO|scfifo:scfifo_component|scfifo_0da1:auto_generated|a_dpfifo_f141:dpfifo|a_fefifo_rcf:fifo_state|cntr_up7:count_usedw|counter_reg_bit[11], ;
;                                                                                                                                                  ;                         ; ADC0_drive:ADC0_drive|ADC0_FIFO:ADC0_FIFO|scfifo:scfifo_component|scfifo_0da1:auto_generated|a_dpfifo_f141:dpfifo|a_fefifo_rcf:fifo_state|cntr_up7:count_usedw|counter_reg_bit[10], ;
;                                                                                                                                                  ;                         ; ADC0_drive:ADC0_drive|ADC0_FIFO:ADC0_FIFO|scfifo:scfifo_component|scfifo_0da1:auto_generated|a_dpfifo_f141:dpfifo|a_fefifo_rcf:fifo_state|cntr_up7:count_usedw|counter_reg_bit[9],  ;
;                                                                                                                                                  ;                         ; ADC0_drive:ADC0_drive|ADC0_FIFO:ADC0_FIFO|scfifo:scfifo_component|scfifo_0da1:auto_generated|a_dpfifo_f141:dpfifo|a_fefifo_rcf:fifo_state|cntr_up7:count_usedw|counter_reg_bit[8],  ;
;                                                                                                                                                  ;                         ; ADC0_drive:ADC0_drive|ADC0_FIFO:ADC0_FIFO|scfifo:scfifo_component|scfifo_0da1:auto_generated|a_dpfifo_f141:dpfifo|a_fefifo_rcf:fifo_state|cntr_up7:count_usedw|counter_reg_bit[7],  ;
;                                                                                                                                                  ;                         ; ADC0_drive:ADC0_drive|ADC0_FIFO:ADC0_FIFO|scfifo:scfifo_component|scfifo_0da1:auto_generated|a_dpfifo_f141:dpfifo|a_fefifo_rcf:fifo_state|cntr_up7:count_usedw|counter_reg_bit[6],  ;
;                                                                                                                                                  ;                         ; ADC0_drive:ADC0_drive|ADC0_FIFO:ADC0_FIFO|scfifo:scfifo_component|scfifo_0da1:auto_generated|a_dpfifo_f141:dpfifo|a_fefifo_rcf:fifo_state|cntr_up7:count_usedw|counter_reg_bit[5],  ;
;                                                                                                                                                  ;                         ; ADC0_drive:ADC0_drive|ADC0_FIFO:ADC0_FIFO|scfifo:scfifo_component|scfifo_0da1:auto_generated|a_dpfifo_f141:dpfifo|a_fefifo_rcf:fifo_state|cntr_up7:count_usedw|counter_reg_bit[4],  ;
;                                                                                                                                                  ;                         ; ADC0_drive:ADC0_drive|ADC0_FIFO:ADC0_FIFO|scfifo:scfifo_component|scfifo_0da1:auto_generated|a_dpfifo_f141:dpfifo|a_fefifo_rcf:fifo_state|cntr_up7:count_usedw|counter_reg_bit[3],  ;
;                                                                                                                                                  ;                         ; ADC0_drive:ADC0_drive|ADC0_FIFO:ADC0_FIFO|scfifo:scfifo_component|scfifo_0da1:auto_generated|a_dpfifo_f141:dpfifo|a_fefifo_rcf:fifo_state|cntr_up7:count_usedw|counter_reg_bit[2],  ;
;                                                                                                                                                  ;                         ; ADC0_drive:ADC0_drive|ADC0_FIFO:ADC0_FIFO|scfifo:scfifo_component|scfifo_0da1:auto_generated|a_dpfifo_f141:dpfifo|a_fefifo_rcf:fifo_state|cntr_up7:count_usedw|counter_reg_bit[1],  ;
;                                                                                                                                                  ;                         ; ADC0_drive:ADC0_drive|ADC0_FIFO:ADC0_FIFO|scfifo:scfifo_component|scfifo_0da1:auto_generated|a_dpfifo_f141:dpfifo|a_fefifo_rcf:fifo_state|cntr_up7:count_usedw|counter_reg_bit[0]   ;
; ADC0_drive:ADC0_drive|bg                                                                                                                         ; Stuck at GND            ; ADC0_drive:ADC0_drive|AD_Data[0], ADC0_drive:ADC0_drive|AD_Data[1],                                                                                                                 ;
;                                                                                                                                                  ; due to stuck port clock ; ADC0_drive:ADC0_drive|AD_Data[2], ADC0_drive:ADC0_drive|AD_Data[3],                                                                                                                 ;
;                                                                                                                                                  ;                         ; ADC0_drive:ADC0_drive|AD_Data[4], ADC0_drive:ADC0_drive|AD_Data[5],                                                                                                                 ;
;                                                                                                                                                  ;                         ; ADC0_drive:ADC0_drive|AD_Data[6], ADC0_drive:ADC0_drive|AD_Data[7]                                                                                                                  ;
; ADC0_drive:ADC0_drive|ADC0_FIFO:ADC0_FIFO|scfifo:scfifo_component|scfifo_0da1:auto_generated|a_dpfifo_f141:dpfifo|a_fefifo_rcf:fifo_state|b_full ; Stuck at GND            ; ADC0_drive:ADC0_drive|ADC0_FIFO:ADC0_FIFO|scfifo:scfifo_component|scfifo_0da1:auto_generated|a_dpfifo_f141:dpfifo|a_fefifo_rcf:fifo_state|b_non_empty                               ;
;                                                                                                                                                  ; due to stuck port clock ;                                                                                                                                                                                     ;
+--------------------------------------------------------------------------------------------------------------------------------------------------+-------------------------+-------------------------------------------------------------------------------------------------------------------------------------------------------------------------------------+


+------------------------------------------------------+
; General Register Statistics                          ;
+----------------------------------------------+-------+
; Statistic                                    ; Value ;
+----------------------------------------------+-------+
; Total registers                              ; 0     ;
; Number of registers using Synchronous Clear  ; 0     ;
; Number of registers using Synchronous Load   ; 0     ;
; Number of registers using Asynchronous Clear ; 0     ;
; Number of registers using Asynchronous Load  ; 0     ;
; Number of registers using Clock Enable       ; 0     ;
; Number of registers using Preset             ; 0     ;
+----------------------------------------------+-------+


+-----------------------------------------------------------------------------------------------------------------------------------------------------------------------------------------+
; Source assignments for ADC0_drive:ADC0_drive|ADC0_FIFO:ADC0_FIFO|scfifo:scfifo_component|scfifo_0da1:auto_generated|a_dpfifo_f141:dpfifo|dpram_j811:FIFOram|altsyncram_o3k1:altsyncram1 ;
+---------------------------------+--------------------+------+---------------------------------------------------------------------------------------------------------------------------+
; Assignment                      ; Value              ; From ; To                                                                                                                        ;
+---------------------------------+--------------------+------+---------------------------------------------------------------------------------------------------------------------------+
; OPTIMIZE_POWER_DURING_SYNTHESIS ; NORMAL_COMPILATION ; -    ; -                                                                                                                         ;
+---------------------------------+--------------------+------+---------------------------------------------------------------------------------------------------------------------------+


+----------------------------------------------------------------------------------------------------------------+
; Parameter Settings for User Entity Instance: ADC0_drive:ADC0_drive|ADC0_FIFO:ADC0_FIFO|scfifo:scfifo_component ;
+-------------------------+--------------+-----------------------------------------------------------------------+
; Parameter Name          ; Value        ; Type                                                                  ;
+-------------------------+--------------+-----------------------------------------------------------------------+
; AUTO_CARRY_CHAINS       ; ON           ; AUTO_CARRY                                                            ;
; IGNORE_CARRY_BUFFERS    ; OFF          ; IGNORE_CARRY                                                          ;
; AUTO_CASCADE_CHAINS     ; ON           ; AUTO_CASCADE                                                          ;
; IGNORE_CASCADE_BUFFERS  ; OFF          ; IGNORE_CASCADE                                                        ;
; lpm_width               ; 8            ; Signed Integer                                                        ;
; LPM_NUMWORDS            ; 65536        ; Signed Integer                                                        ;
; LPM_WIDTHU              ; 16           ; Signed Integer                                                        ;
; LPM_SHOWAHEAD           ; OFF          ; Untyped                                                               ;
; UNDERFLOW_CHECKING      ; ON           ; Untyped                                                               ;
; OVERFLOW_CHECKING       ; ON           ; Untyped                                                               ;
; ALLOW_RWCYCLE_WHEN_FULL ; OFF          ; Untyped                                                               ;
; ADD_RAM_OUTPUT_REGISTER ; OFF          ; Untyped                                                               ;
; ALMOST_FULL_VALUE       ; 65535        ; Signed Integer                                                        ;
; ALMOST_EMPTY_VALUE      ; 2            ; Signed Integer                                                        ;
; USE_EAB                 ; ON           ; Untyped                                                               ;
; MAXIMIZE_SPEED          ; 5            ; Untyped                                                               ;
; DEVICE_FAMILY           ; Cyclone IV E ; Untyped                                                               ;
; OPTIMIZE_FOR_SPEED      ; 5            ; Untyped                                                               ;
; CBXI_PARAMETER          ; scfifo_0da1  ; Untyped                                                               ;
+-------------------------+--------------+-----------------------------------------------------------------------+
Note: In order to hide this table in the UI and the text report file, please set the "Show Parameter Settings in Synthesis Report" option in "Analysis and Synthesis Settings -> More Settings" to "Off".


+------------------------------------------------------------------------------------------------+
; scfifo Parameter Settings by Entity Instance                                                   ;
+----------------------------+-------------------------------------------------------------------+
; Name                       ; Value                                                             ;
+----------------------------+-------------------------------------------------------------------+
; Number of entity instances ; 1                                                                 ;
; Entity Instance            ; ADC0_drive:ADC0_drive|ADC0_FIFO:ADC0_FIFO|scfifo:scfifo_component ;
;     -- FIFO Type           ; Single Clock                                                      ;
;     -- lpm_width           ; 8                                                                 ;
;     -- LPM_NUMWORDS        ; 65536                                                             ;
;     -- LPM_SHOWAHEAD       ; OFF                                                               ;
;     -- USE_EAB             ; ON                                                                ;
+----------------------------+-------------------------------------------------------------------+


+------------------------------------------------------------------------------------------------------------------------+
; Port Connectivity Checks: "ADC0_drive:ADC0_drive|ADC0_FIFO:ADC0_FIFO"                                                  ;
+--------------+--------+----------+-------------------------------------------------------------------------------------+
; Port         ; Type   ; Severity ; Details                                                                             ;
+--------------+--------+----------+-------------------------------------------------------------------------------------+
; almost_empty ; Output ; Info     ; Connected to dangling logic. Logic that only feeds a dangling port will be removed. ;
; empty        ; Output ; Info     ; Connected to dangling logic. Logic that only feeds a dangling port will be removed. ;
+--------------+--------+----------+-------------------------------------------------------------------------------------+


+-------------------------------------------------------------------------------------------------------------------------------------------------------------------------------------------+
; Port Connectivity Checks: "ADC0_drive:ADC0_drive"                                                                                                                                         ;
+---------------+--------+----------+-------------------------------------------------------------------------------------------------------------------------------------------------------+
; Port          ; Type   ; Severity ; Details                                                                                                                                               ;
+---------------+--------+----------+-------------------------------------------------------------------------------------------------------------------------------------------------------+
; F_O_ADC0_Data ; Output ; Warning  ; Output or bidir port (8 bits) is wider than the port expression (1 bits) it drives; bit(s) "F_O_ADC0_Data[7..1]" have no fanouts                      ;
; F_O_ADC0_Data ; Output ; Info     ; Connected to dangling logic. Logic that only feeds a dangling port will be removed.                                                                   ;
; Trigger_lever ; Input  ; Warning  ; Input port expression (1 bits) is smaller than the input port (8 bits) it drives.  Extra input bit(s) "Trigger_lever[7..1]" will be connected to GND. ;
; ADC_Clk       ; Output ; Warning  ; Declared by entity but not connected by instance. Logic that only feeds a dangling port will be removed.                                              ;
; I_AD_Data     ; Input  ; Warning  ; Declared by entity but not connected by instance. If a default value exists, it will be used.  Otherwise, the port will be connected to GND.          ;
; F_I_ADC0_Data ; Output ; Warning  ; Declared by entity but not connected by instance. Logic that only feeds a dangling port will be removed.                                              ;
; wrreq         ; Output ; Warning  ; Declared by entity but not connected by instance. Logic that only feeds a dangling port will be removed.                                              ;
+---------------+--------+----------+-------------------------------------------------------------------------------------------------------------------------------------------------------+


+-------------------------------+
; Elapsed Time Per Partition    ;
+----------------+--------------+
; Partition Name ; Elapsed Time ;
+----------------+--------------+
; Top            ; 00:00:00     ;
+----------------+--------------+


+-------------------------------+
; Analysis & Synthesis Messages ;
+-------------------------------+
Info: *******************************************************************
Info: Running Quartus II 64-Bit Analysis & Synthesis
    Info: Version 13.0.0 Build 156 04/24/2013 SJ Full Version
    Info: Processing started: Sat May 11 16:10:22 2024
Info: Command: quartus_map --read_settings_files=on --write_settings_files=off FPGA_oscilloscope -c FPGA_oscilloscope
Info (20030): Parallel compilation is enabled and will use 16 of the 16 processors detected
Warning (10238): Verilog Module Declaration warning at uart.v(8): ignored anonymous port(s) indicated by duplicate or dangling comma(s) in the port list for module "Uart"
Info (12021): Found 1 design units, including 1 entities, in source file src/uart.v
    Info (12023): Found entity 1: Uart
Warning (10238): Verilog Module Declaration warning at FPGA_oscilloscope.v(13): ignored anonymous port(s) indicated by duplicate or dangling comma(s) in the port list for module "FPGA_oscilloscope"
Info (12021): Found 1 design units, including 1 entities, in source file src/fpga_oscilloscope.v
    Info (12023): Found entity 1: FPGA_oscilloscope
Info (12021): Found 1 design units, including 1 entities, in source file ip/adc0_fifo.v
    Info (12023): Found entity 1: ADC0_FIFO
Info (12021): Found 1 design units, including 1 entities, in source file src/adc0_drive.v
    Info (12023): Found entity 1: ADC0_drive
Info (12127): Elaborating entity "FPGA_oscilloscope" for the top level hierarchy
Info (12128): Elaborating entity "ADC0_drive" for hierarchy "ADC0_drive:ADC0_drive"
Info (12128): Elaborating entity "ADC0_FIFO" for hierarchy "ADC0_drive:ADC0_drive|ADC0_FIFO:ADC0_FIFO"
Info (12128): Elaborating entity "scfifo" for hierarchy "ADC0_drive:ADC0_drive|ADC0_FIFO:ADC0_FIFO|scfifo:scfifo_component"
Info (12130): Elaborated megafunction instantiation "ADC0_drive:ADC0_drive|ADC0_FIFO:ADC0_FIFO|scfifo:scfifo_component"
Info (12133): Instantiated megafunction "ADC0_drive:ADC0_drive|ADC0_FIFO:ADC0_FIFO|scfifo:scfifo_component" with the following parameter:
    Info (12134): Parameter "add_ram_output_register" = "OFF"
    Info (12134): Parameter "almost_empty_value" = "2"
    Info (12134): Parameter "almost_full_value" = "65535"
    Info (12134): Parameter "intended_device_family" = "Cyclone IV E"
    Info (12134): Parameter "lpm_numwords" = "65536"
    Info (12134): Parameter "lpm_showahead" = "OFF"
    Info (12134): Parameter "lpm_type" = "scfifo"
    Info (12134): Parameter "lpm_width" = "8"
    Info (12134): Parameter "lpm_widthu" = "16"
    Info (12134): Parameter "overflow_checking" = "ON"
    Info (12134): Parameter "underflow_checking" = "ON"
    Info (12134): Parameter "use_eab" = "ON"
Info (12021): Found 1 design units, including 1 entities, in source file db/scfifo_0da1.tdf
    Info (12023): Found entity 1: scfifo_0da1
Info (12128): Elaborating entity "scfifo_0da1" for hierarchy "ADC0_drive:ADC0_drive|ADC0_FIFO:ADC0_FIFO|scfifo:scfifo_component|scfifo_0da1:auto_generated"
Info (12021): Found 1 design units, including 1 entities, in source file db/a_dpfifo_f141.tdf
    Info (12023): Found entity 1: a_dpfifo_f141
Info (12128): Elaborating entity "a_dpfifo_f141" for hierarchy "ADC0_drive:ADC0_drive|ADC0_FIFO:ADC0_FIFO|scfifo:scfifo_component|scfifo_0da1:auto_generated|a_dpfifo_f141:dpfifo"
Info (12021): Found 1 design units, including 1 entities, in source file db/a_fefifo_rcf.tdf
    Info (12023): Found entity 1: a_fefifo_rcf
Info (12128): Elaborating entity "a_fefifo_rcf" for hierarchy "ADC0_drive:ADC0_drive|ADC0_FIFO:ADC0_FIFO|scfifo:scfifo_component|scfifo_0da1:auto_generated|a_dpfifo_f141:dpfifo|a_fefifo_rcf:fifo_state"
Info (12021): Found 1 design units, including 1 entities, in source file db/cntr_up7.tdf
    Info (12023): Found entity 1: cntr_up7
Info (12128): Elaborating entity "cntr_up7" for hierarchy "ADC0_drive:ADC0_drive|ADC0_FIFO:ADC0_FIFO|scfifo:scfifo_component|scfifo_0da1:auto_generated|a_dpfifo_f141:dpfifo|a_fefifo_rcf:fifo_state|cntr_up7:count_usedw"
Info (12021): Found 1 design units, including 1 entities, in source file db/dpram_j811.tdf
    Info (12023): Found entity 1: dpram_j811
Info (12128): Elaborating entity "dpram_j811" for hierarchy "ADC0_drive:ADC0_drive|ADC0_FIFO:ADC0_FIFO|scfifo:scfifo_component|scfifo_0da1:auto_generated|a_dpfifo_f141:dpfifo|dpram_j811:FIFOram"
Info (12021): Found 1 design units, including 1 entities, in source file db/altsyncram_o3k1.tdf
    Info (12023): Found entity 1: altsyncram_o3k1
Info (12128): Elaborating entity "altsyncram_o3k1" for hierarchy "ADC0_drive:ADC0_drive|ADC0_FIFO:ADC0_FIFO|scfifo:scfifo_component|scfifo_0da1:auto_generated|a_dpfifo_f141:dpfifo|dpram_j811:FIFOram|altsyncram_o3k1:altsyncram1"
Info (12021): Found 1 design units, including 1 entities, in source file db/decode_i87.tdf
    Info (12023): Found entity 1: decode_i87
Info (12128): Elaborating entity "decode_i87" for hierarchy "ADC0_drive:ADC0_drive|ADC0_FIFO:ADC0_FIFO|scfifo:scfifo_component|scfifo_0da1:auto_generated|a_dpfifo_f141:dpfifo|dpram_j811:FIFOram|altsyncram_o3k1:altsyncram1|decode_i87:decode3"
Info (12021): Found 1 design units, including 1 entities, in source file db/mux_238.tdf
    Info (12023): Found entity 1: mux_238
Info (12128): Elaborating entity "mux_238" for hierarchy "ADC0_drive:ADC0_drive|ADC0_FIFO:ADC0_FIFO|scfifo:scfifo_component|scfifo_0da1:auto_generated|a_dpfifo_f141:dpfifo|dpram_j811:FIFOram|altsyncram_o3k1:altsyncram1|mux_238:mux4"
Info (12021): Found 1 design units, including 1 entities, in source file db/cntr_ipb.tdf
    Info (12023): Found entity 1: cntr_ipb
Info (12128): Elaborating entity "cntr_ipb" for hierarchy "ADC0_drive:ADC0_drive|ADC0_FIFO:ADC0_FIFO|scfifo:scfifo_component|scfifo_0da1:auto_generated|a_dpfifo_f141:dpfifo|cntr_ipb:rd_ptr_count"
Warning (14284): Synthesized away the following node(s):
    Warning (14285): Synthesized away the following RAM node(s):
        Warning (14320): Synthesized away node "ADC0_drive:ADC0_drive|ADC0_FIFO:ADC0_FIFO|scfifo:scfifo_component|scfifo_0da1:auto_generated|a_dpfifo_f141:dpfifo|dpram_j811:FIFOram|altsyncram_o3k1:altsyncram1|ram_block2a0"
        Warning (14320): Synthesized away node "ADC0_drive:ADC0_drive|ADC0_FIFO:ADC0_FIFO|scfifo:scfifo_component|scfifo_0da1:auto_generated|a_dpfifo_f141:dpfifo|dpram_j811:FIFOram|altsyncram_o3k1:altsyncram1|ram_block2a1"
        Warning (14320): Synthesized away node "ADC0_drive:ADC0_drive|ADC0_FIFO:ADC0_FIFO|scfifo:scfifo_component|scfifo_0da1:auto_generated|a_dpfifo_f141:dpfifo|dpram_j811:FIFOram|altsyncram_o3k1:altsyncram1|ram_block2a2"
        Warning (14320): Synthesized away node "ADC0_drive:ADC0_drive|ADC0_FIFO:ADC0_FIFO|scfifo:scfifo_component|scfifo_0da1:auto_generated|a_dpfifo_f141:dpfifo|dpram_j811:FIFOram|altsyncram_o3k1:altsyncram1|ram_block2a3"
        Warning (14320): Synthesized away node "ADC0_drive:ADC0_drive|ADC0_FIFO:ADC0_FIFO|scfifo:scfifo_component|scfifo_0da1:auto_generated|a_dpfifo_f141:dpfifo|dpram_j811:FIFOram|altsyncram_o3k1:altsyncram1|ram_block2a4"
        Warning (14320): Synthesized away node "ADC0_drive:ADC0_drive|ADC0_FIFO:ADC0_FIFO|scfifo:scfifo_component|scfifo_0da1:auto_generated|a_dpfifo_f141:dpfifo|dpram_j811:FIFOram|altsyncram_o3k1:altsyncram1|ram_block2a5"
        Warning (14320): Synthesized away node "ADC0_drive:ADC0_drive|ADC0_FIFO:ADC0_FIFO|scfifo:scfifo_component|scfifo_0da1:auto_generated|a_dpfifo_f141:dpfifo|dpram_j811:FIFOram|altsyncram_o3k1:altsyncram1|ram_block2a6"
        Warning (14320): Synthesized away node "ADC0_drive:ADC0_drive|ADC0_FIFO:ADC0_FIFO|scfifo:scfifo_component|scfifo_0da1:auto_generated|a_dpfifo_f141:dpfifo|dpram_j811:FIFOram|altsyncram_o3k1:altsyncram1|ram_block2a7"
        Warning (14320): Synthesized away node "ADC0_drive:ADC0_drive|ADC0_FIFO:ADC0_FIFO|scfifo:scfifo_component|scfifo_0da1:auto_generated|a_dpfifo_f141:dpfifo|dpram_j811:FIFOram|altsyncram_o3k1:altsyncram1|ram_block2a8"
        Warning (14320): Synthesized away node "ADC0_drive:ADC0_drive|ADC0_FIFO:ADC0_FIFO|scfifo:scfifo_component|scfifo_0da1:auto_generated|a_dpfifo_f141:dpfifo|dpram_j811:FIFOram|altsyncram_o3k1:altsyncram1|ram_block2a9"
        Warning (14320): Synthesized away node "ADC0_drive:ADC0_drive|ADC0_FIFO:ADC0_FIFO|scfifo:scfifo_component|scfifo_0da1:auto_generated|a_dpfifo_f141:dpfifo|dpram_j811:FIFOram|altsyncram_o3k1:altsyncram1|ram_block2a10"
        Warning (14320): Synthesized away node "ADC0_drive:ADC0_drive|ADC0_FIFO:ADC0_FIFO|scfifo:scfifo_component|scfifo_0da1:auto_generated|a_dpfifo_f141:dpfifo|dpram_j811:FIFOram|altsyncram_o3k1:altsyncram1|ram_block2a11"
        Warning (14320): Synthesized away node "ADC0_drive:ADC0_drive|ADC0_FIFO:ADC0_FIFO|scfifo:scfifo_component|scfifo_0da1:auto_generated|a_dpfifo_f141:dpfifo|dpram_j811:FIFOram|altsyncram_o3k1:altsyncram1|ram_block2a12"
        Warning (14320): Synthesized away node "ADC0_drive:ADC0_drive|ADC0_FIFO:ADC0_FIFO|scfifo:scfifo_component|scfifo_0da1:auto_generated|a_dpfifo_f141:dpfifo|dpram_j811:FIFOram|altsyncram_o3k1:altsyncram1|ram_block2a13"
        Warning (14320): Synthesized away node "ADC0_drive:ADC0_drive|ADC0_FIFO:ADC0_FIFO|scfifo:scfifo_component|scfifo_0da1:auto_generated|a_dpfifo_f141:dpfifo|dpram_j811:FIFOram|altsyncram_o3k1:altsyncram1|ram_block2a14"
        Warning (14320): Synthesized away node "ADC0_drive:ADC0_drive|ADC0_FIFO:ADC0_FIFO|scfifo:scfifo_component|scfifo_0da1:auto_generated|a_dpfifo_f141:dpfifo|dpram_j811:FIFOram|altsyncram_o3k1:altsyncram1|ram_block2a15"
        Warning (14320): Synthesized away node "ADC0_drive:ADC0_drive|ADC0_FIFO:ADC0_FIFO|scfifo:scfifo_component|scfifo_0da1:auto_generated|a_dpfifo_f141:dpfifo|dpram_j811:FIFOram|altsyncram_o3k1:altsyncram1|ram_block2a16"
        Warning (14320): Synthesized away node "ADC0_drive:ADC0_drive|ADC0_FIFO:ADC0_FIFO|scfifo:scfifo_component|scfifo_0da1:auto_generated|a_dpfifo_f141:dpfifo|dpram_j811:FIFOram|altsyncram_o3k1:altsyncram1|ram_block2a17"
        Warning (14320): Synthesized away node "ADC0_drive:ADC0_drive|ADC0_FIFO:ADC0_FIFO|scfifo:scfifo_component|scfifo_0da1:auto_generated|a_dpfifo_f141:dpfifo|dpram_j811:FIFOram|altsyncram_o3k1:altsyncram1|ram_block2a18"
        Warning (14320): Synthesized away node "ADC0_drive:ADC0_drive|ADC0_FIFO:ADC0_FIFO|scfifo:scfifo_component|scfifo_0da1:auto_generated|a_dpfifo_f141:dpfifo|dpram_j811:FIFOram|altsyncram_o3k1:altsyncram1|ram_block2a19"
        Warning (14320): Synthesized away node "ADC0_drive:ADC0_drive|ADC0_FIFO:ADC0_FIFO|scfifo:scfifo_component|scfifo_0da1:auto_generated|a_dpfifo_f141:dpfifo|dpram_j811:FIFOram|altsyncram_o3k1:altsyncram1|ram_block2a20"
        Warning (14320): Synthesized away node "ADC0_drive:ADC0_drive|ADC0_FIFO:ADC0_FIFO|scfifo:scfifo_component|scfifo_0da1:auto_generated|a_dpfifo_f141:dpfifo|dpram_j811:FIFOram|altsyncram_o3k1:altsyncram1|ram_block2a21"
        Warning (14320): Synthesized away node "ADC0_drive:ADC0_drive|ADC0_FIFO:ADC0_FIFO|scfifo:scfifo_component|scfifo_0da1:auto_generated|a_dpfifo_f141:dpfifo|dpram_j811:FIFOram|altsyncram_o3k1:altsyncram1|ram_block2a22"
        Warning (14320): Synthesized away node "ADC0_drive:ADC0_drive|ADC0_FIFO:ADC0_FIFO|scfifo:scfifo_component|scfifo_0da1:auto_generated|a_dpfifo_f141:dpfifo|dpram_j811:FIFOram|altsyncram_o3k1:altsyncram1|ram_block2a23"
        Warning (14320): Synthesized away node "ADC0_drive:ADC0_drive|ADC0_FIFO:ADC0_FIFO|scfifo:scfifo_component|scfifo_0da1:auto_generated|a_dpfifo_f141:dpfifo|dpram_j811:FIFOram|altsyncram_o3k1:altsyncram1|ram_block2a24"
        Warning (14320): Synthesized away node "ADC0_drive:ADC0_drive|ADC0_FIFO:ADC0_FIFO|scfifo:scfifo_component|scfifo_0da1:auto_generated|a_dpfifo_f141:dpfifo|dpram_j811:FIFOram|altsyncram_o3k1:altsyncram1|ram_block2a25"
        Warning (14320): Synthesized away node "ADC0_drive:ADC0_drive|ADC0_FIFO:ADC0_FIFO|scfifo:scfifo_component|scfifo_0da1:auto_generated|a_dpfifo_f141:dpfifo|dpram_j811:FIFOram|altsyncram_o3k1:altsyncram1|ram_block2a26"
        Warning (14320): Synthesized away node "ADC0_drive:ADC0_drive|ADC0_FIFO:ADC0_FIFO|scfifo:scfifo_component|scfifo_0da1:auto_generated|a_dpfifo_f141:dpfifo|dpram_j811:FIFOram|altsyncram_o3k1:altsyncram1|ram_block2a27"
        Warning (14320): Synthesized away node "ADC0_drive:ADC0_drive|ADC0_FIFO:ADC0_FIFO|scfifo:scfifo_component|scfifo_0da1:auto_generated|a_dpfifo_f141:dpfifo|dpram_j811:FIFOram|altsyncram_o3k1:altsyncram1|ram_block2a28"
        Warning (14320): Synthesized away node "ADC0_drive:ADC0_drive|ADC0_FIFO:ADC0_FIFO|scfifo:scfifo_component|scfifo_0da1:auto_generated|a_dpfifo_f141:dpfifo|dpram_j811:FIFOram|altsyncram_o3k1:altsyncram1|ram_block2a29"
        Warning (14320): Synthesized away node "ADC0_drive:ADC0_drive|ADC0_FIFO:ADC0_FIFO|scfifo:scfifo_component|scfifo_0da1:auto_generated|a_dpfifo_f141:dpfifo|dpram_j811:FIFOram|altsyncram_o3k1:altsyncram1|ram_block2a30"
        Warning (14320): Synthesized away node "ADC0_drive:ADC0_drive|ADC0_FIFO:ADC0_FIFO|scfifo:scfifo_component|scfifo_0da1:auto_generated|a_dpfifo_f141:dpfifo|dpram_j811:FIFOram|altsyncram_o3k1:altsyncram1|ram_block2a31"
        Warning (14320): Synthesized away node "ADC0_drive:ADC0_drive|ADC0_FIFO:ADC0_FIFO|scfifo:scfifo_component|scfifo_0da1:auto_generated|a_dpfifo_f141:dpfifo|dpram_j811:FIFOram|altsyncram_o3k1:altsyncram1|ram_block2a32"
        Warning (14320): Synthesized away node "ADC0_drive:ADC0_drive|ADC0_FIFO:ADC0_FIFO|scfifo:scfifo_component|scfifo_0da1:auto_generated|a_dpfifo_f141:dpfifo|dpram_j811:FIFOram|altsyncram_o3k1:altsyncram1|ram_block2a33"
        Warning (14320): Synthesized away node "ADC0_drive:ADC0_drive|ADC0_FIFO:ADC0_FIFO|scfifo:scfifo_component|scfifo_0da1:auto_generated|a_dpfifo_f141:dpfifo|dpram_j811:FIFOram|altsyncram_o3k1:altsyncram1|ram_block2a34"
        Warning (14320): Synthesized away node "ADC0_drive:ADC0_drive|ADC0_FIFO:ADC0_FIFO|scfifo:scfifo_component|scfifo_0da1:auto_generated|a_dpfifo_f141:dpfifo|dpram_j811:FIFOram|altsyncram_o3k1:altsyncram1|ram_block2a35"
        Warning (14320): Synthesized away node "ADC0_drive:ADC0_drive|ADC0_FIFO:ADC0_FIFO|scfifo:scfifo_component|scfifo_0da1:auto_generated|a_dpfifo_f141:dpfifo|dpram_j811:FIFOram|altsyncram_o3k1:altsyncram1|ram_block2a36"
        Warning (14320): Synthesized away node "ADC0_drive:ADC0_drive|ADC0_FIFO:ADC0_FIFO|scfifo:scfifo_component|scfifo_0da1:auto_generated|a_dpfifo_f141:dpfifo|dpram_j811:FIFOram|altsyncram_o3k1:altsyncram1|ram_block2a37"
        Warning (14320): Synthesized away node "ADC0_drive:ADC0_drive|ADC0_FIFO:ADC0_FIFO|scfifo:scfifo_component|scfifo_0da1:auto_generated|a_dpfifo_f141:dpfifo|dpram_j811:FIFOram|altsyncram_o3k1:altsyncram1|ram_block2a38"
        Warning (14320): Synthesized away node "ADC0_drive:ADC0_drive|ADC0_FIFO:ADC0_FIFO|scfifo:scfifo_component|scfifo_0da1:auto_generated|a_dpfifo_f141:dpfifo|dpram_j811:FIFOram|altsyncram_o3k1:altsyncram1|ram_block2a39"
        Warning (14320): Synthesized away node "ADC0_drive:ADC0_drive|ADC0_FIFO:ADC0_FIFO|scfifo:scfifo_component|scfifo_0da1:auto_generated|a_dpfifo_f141:dpfifo|dpram_j811:FIFOram|altsyncram_o3k1:altsyncram1|ram_block2a40"
        Warning (14320): Synthesized away node "ADC0_drive:ADC0_drive|ADC0_FIFO:ADC0_FIFO|scfifo:scfifo_component|scfifo_0da1:auto_generated|a_dpfifo_f141:dpfifo|dpram_j811:FIFOram|altsyncram_o3k1:altsyncram1|ram_block2a41"
        Warning (14320): Synthesized away node "ADC0_drive:ADC0_drive|ADC0_FIFO:ADC0_FIFO|scfifo:scfifo_component|scfifo_0da1:auto_generated|a_dpfifo_f141:dpfifo|dpram_j811:FIFOram|altsyncram_o3k1:altsyncram1|ram_block2a42"
        Warning (14320): Synthesized away node "ADC0_drive:ADC0_drive|ADC0_FIFO:ADC0_FIFO|scfifo:scfifo_component|scfifo_0da1:auto_generated|a_dpfifo_f141:dpfifo|dpram_j811:FIFOram|altsyncram_o3k1:altsyncram1|ram_block2a43"
        Warning (14320): Synthesized away node "ADC0_drive:ADC0_drive|ADC0_FIFO:ADC0_FIFO|scfifo:scfifo_component|scfifo_0da1:auto_generated|a_dpfifo_f141:dpfifo|dpram_j811:FIFOram|altsyncram_o3k1:altsyncram1|ram_block2a44"
        Warning (14320): Synthesized away node "ADC0_drive:ADC0_drive|ADC0_FIFO:ADC0_FIFO|scfifo:scfifo_component|scfifo_0da1:auto_generated|a_dpfifo_f141:dpfifo|dpram_j811:FIFOram|altsyncram_o3k1:altsyncram1|ram_block2a45"
        Warning (14320): Synthesized away node "ADC0_drive:ADC0_drive|ADC0_FIFO:ADC0_FIFO|scfifo:scfifo_component|scfifo_0da1:auto_generated|a_dpfifo_f141:dpfifo|dpram_j811:FIFOram|altsyncram_o3k1:altsyncram1|ram_block2a46"
        Warning (14320): Synthesized away node "ADC0_drive:ADC0_drive|ADC0_FIFO:ADC0_FIFO|scfifo:scfifo_component|scfifo_0da1:auto_generated|a_dpfifo_f141:dpfifo|dpram_j811:FIFOram|altsyncram_o3k1:altsyncram1|ram_block2a47"
        Warning (14320): Synthesized away node "ADC0_drive:ADC0_drive|ADC0_FIFO:ADC0_FIFO|scfifo:scfifo_component|scfifo_0da1:auto_generated|a_dpfifo_f141:dpfifo|dpram_j811:FIFOram|altsyncram_o3k1:altsyncram1|ram_block2a48"
        Warning (14320): Synthesized away node "ADC0_drive:ADC0_drive|ADC0_FIFO:ADC0_FIFO|scfifo:scfifo_component|scfifo_0da1:auto_generated|a_dpfifo_f141:dpfifo|dpram_j811:FIFOram|altsyncram_o3k1:altsyncram1|ram_block2a49"
        Warning (14320): Synthesized away node "ADC0_drive:ADC0_drive|ADC0_FIFO:ADC0_FIFO|scfifo:scfifo_component|scfifo_0da1:auto_generated|a_dpfifo_f141:dpfifo|dpram_j811:FIFOram|altsyncram_o3k1:altsyncram1|ram_block2a50"
        Warning (14320): Synthesized away node "ADC0_drive:ADC0_drive|ADC0_FIFO:ADC0_FIFO|scfifo:scfifo_component|scfifo_0da1:auto_generated|a_dpfifo_f141:dpfifo|dpram_j811:FIFOram|altsyncram_o3k1:altsyncram1|ram_block2a51"
        Warning (14320): Synthesized away node "ADC0_drive:ADC0_drive|ADC0_FIFO:ADC0_FIFO|scfifo:scfifo_component|scfifo_0da1:auto_generated|a_dpfifo_f141:dpfifo|dpram_j811:FIFOram|altsyncram_o3k1:altsyncram1|ram_block2a52"
        Warning (14320): Synthesized away node "ADC0_drive:ADC0_drive|ADC0_FIFO:ADC0_FIFO|scfifo:scfifo_component|scfifo_0da1:auto_generated|a_dpfifo_f141:dpfifo|dpram_j811:FIFOram|altsyncram_o3k1:altsyncram1|ram_block2a53"
        Warning (14320): Synthesized away node "ADC0_drive:ADC0_drive|ADC0_FIFO:ADC0_FIFO|scfifo:scfifo_component|scfifo_0da1:auto_generated|a_dpfifo_f141:dpfifo|dpram_j811:FIFOram|altsyncram_o3k1:altsyncram1|ram_block2a54"
        Warning (14320): Synthesized away node "ADC0_drive:ADC0_drive|ADC0_FIFO:ADC0_FIFO|scfifo:scfifo_component|scfifo_0da1:auto_generated|a_dpfifo_f141:dpfifo|dpram_j811:FIFOram|altsyncram_o3k1:altsyncram1|ram_block2a55"
        Warning (14320): Synthesized away node "ADC0_drive:ADC0_drive|ADC0_FIFO:ADC0_FIFO|scfifo:scfifo_component|scfifo_0da1:auto_generated|a_dpfifo_f141:dpfifo|dpram_j811:FIFOram|altsyncram_o3k1:altsyncram1|ram_block2a56"
        Warning (14320): Synthesized away node "ADC0_drive:ADC0_drive|ADC0_FIFO:ADC0_FIFO|scfifo:scfifo_component|scfifo_0da1:auto_generated|a_dpfifo_f141:dpfifo|dpram_j811:FIFOram|altsyncram_o3k1:altsyncram1|ram_block2a57"
        Warning (14320): Synthesized away node "ADC0_drive:ADC0_drive|ADC0_FIFO:ADC0_FIFO|scfifo:scfifo_component|scfifo_0da1:auto_generated|a_dpfifo_f141:dpfifo|dpram_j811:FIFOram|altsyncram_o3k1:altsyncram1|ram_block2a58"
        Warning (14320): Synthesized away node "ADC0_drive:ADC0_drive|ADC0_FIFO:ADC0_FIFO|scfifo:scfifo_component|scfifo_0da1:auto_generated|a_dpfifo_f141:dpfifo|dpram_j811:FIFOram|altsyncram_o3k1:altsyncram1|ram_block2a59"
        Warning (14320): Synthesized away node "ADC0_drive:ADC0_drive|ADC0_FIFO:ADC0_FIFO|scfifo:scfifo_component|scfifo_0da1:auto_generated|a_dpfifo_f141:dpfifo|dpram_j811:FIFOram|altsyncram_o3k1:altsyncram1|ram_block2a60"
        Warning (14320): Synthesized away node "ADC0_drive:ADC0_drive|ADC0_FIFO:ADC0_FIFO|scfifo:scfifo_component|scfifo_0da1:auto_generated|a_dpfifo_f141:dpfifo|dpram_j811:FIFOram|altsyncram_o3k1:altsyncram1|ram_block2a61"
        Warning (14320): Synthesized away node "ADC0_drive:ADC0_drive|ADC0_FIFO:ADC0_FIFO|scfifo:scfifo_component|scfifo_0da1:auto_generated|a_dpfifo_f141:dpfifo|dpram_j811:FIFOram|altsyncram_o3k1:altsyncram1|ram_block2a62"
        Warning (14320): Synthesized away node "ADC0_drive:ADC0_drive|ADC0_FIFO:ADC0_FIFO|scfifo:scfifo_component|scfifo_0da1:auto_generated|a_dpfifo_f141:dpfifo|dpram_j811:FIFOram|altsyncram_o3k1:altsyncram1|ram_block2a63"
Warning (12241): 1 hierarchies have connectivity warnings - see the Connectivity Checks report folder
Warning (13024): Output pins are stuck at VCC or GND
    Warning (13410): Pin "ADC0_bg" is stuck at GND
    Warning (13410): Pin "ADC0_Clk" is stuck at GND
    Warning (13410): Pin "ADC0_rdreq" is stuck at GND
    Warning (13410): Pin "ADC0_sclr" is stuck at GND
    Warning (13410): Pin "ADC0_Trigger_lever" is stuck at GND
Info (16010): Generating hard_block partition "hard_block:auto_generated_inst"
    Info (16011): Adding 0 node(s), including 0 DDIO, 0 PLL, 0 transceiver and 0 LCELL
Warning (21074): Design contains 6 input pin(s) that do not drive logic
    Warning (15610): No output dependent on input pin "Clk"
    Warning (15610): No output dependent on input pin "Reset_n"
    Warning (15610): No output dependent on input pin "F_O_ADC0_Data"
    Warning (15610): No output dependent on input pin "ADC0_almost_empty"
    Warning (15610): No output dependent on input pin "ADC0_empty"
    Warning (15610): No output dependent on input pin "Trigger_lever"
Info (21057): Implemented 11 device resources after synthesis - the final resource count might be different
    Info (21058): Implemented 6 input pins
    Info (21059): Implemented 5 output pins
Info: Quartus II 64-Bit Analysis & Synthesis was successful. 0 errors, 82 warnings
    Info: Peak virtual memory: 4611 megabytes
    Info: Processing ended: Sat May 11 16:10:24 2024
    Info: Elapsed time: 00:00:02
    Info: Total CPU time (on all processors): 00:00:01


